<?xml version="1.0" encoding="UTF-8"?>
<!-- Generated by org.testng.reporters.JUnitXMLReporter -->
<testsuite ignored="0" hostname="Kavitha" failures="0" tests="1" name="Test-Runner-edge" time="284.724" errors="0" timestamp="2023-11-15T16:55:47 IST">
  <testcase classname="PracticeBaseClass.CreateContactWithOrgBaseClass" name="CreateNewContactWithOrgTest" time="85.162"/>
</testsuite> <!-- Test-Runner-edge -->
