<?xml version="1.0" encoding="UTF-8"?>
<!-- Generated by org.testng.reporters.JUnitXMLReporter -->
<testsuite ignored="0" hostname="Kavitha" failures="0" tests="1" name="Test-Runner-1" time="72.676" errors="0" timestamp="2023-11-15T17:14:05 IST">
  <testcase classname="TestNG.CreateOrganizationTest" name="CreateNewOrganizationTest" time="72.563"/>
</testsuite> <!-- Test-Runner-1 -->
