<?xml version="1.0" encoding="UTF-8"?>
<!-- Generated by org.testng.reporters.JUnitReportReporter -->
<testsuite hostname="Kavitha" failures="0" tests="1" name="PracticeBaseClass.CreateOrgWIthIndAndTypeBaseClass" time="45.406" errors="0" timestamp="2023-10-30T17:45:46 IST" skipped="0">
  <testcase classname="PracticeBaseClass.CreateOrgWIthIndAndTypeBaseClass" name="CreateNewOrgWIthIndAndTypeBaseClass" time="45.406"/>
</testsuite> <!-- PracticeBaseClass.CreateOrgWIthIndAndTypeBaseClass -->
