<?xml version="1.0" encoding="UTF-8"?>
<!-- Generated by org.testng.reporters.JUnitReportReporter -->
<testsuite hostname="Kavitha" failures="0" tests="1" name="PracticeBaseClass.CreateOrganizationWithBaseClass" time="38.674" errors="0" timestamp="2023-10-31T10:52:39 IST" skipped="0">
  <testcase classname="PracticeBaseClass.CreateOrganizationWithBaseClass" name="CreateNewOrganizationWithBaseClass" time="38.674"/>
</testsuite> <!-- PracticeBaseClass.CreateOrganizationWithBaseClass -->
