<?xml version="1.0" encoding="UTF-8"?>
<!-- Generated by org.testng.reporters.JUnitReportReporter -->
<testsuite hostname="Kavitha" failures="0" tests="1" name="PracticeBaseClass.CreateOrganizationWithIndBaseClass" time="23.538" errors="0" timestamp="2023-10-30T17:46:44 IST" skipped="0">
  <testcase classname="PracticeBaseClass.CreateOrganizationWithIndBaseClass" name="CreateNewOrganizationWithIndBaseClass" time="23.538"/>
</testsuite> <!-- PracticeBaseClass.CreateOrganizationWithIndBaseClass -->
