<?xml version="1.0" encoding="UTF-8"?>
<!-- Generated by org.testng.reporters.JUnitReportReporter -->
<testsuite hostname="Kavitha" failures="0" tests="1" name="practice.ReadDataFromCmdLine" time="0.037" errors="0" timestamp="2023-11-09T11:02:41 IST" skipped="0">
  <testcase classname="practice.ReadDataFromCmdLine" name="read" time="0.037"/>
</testsuite> <!-- practice.ReadDataFromCmdLine -->
