<?xml version="1.0" encoding="UTF-8"?>
<!-- Generated by org.testng.reporters.JUnitReportReporter -->
<testsuite hostname="Kavitha" failures="0" tests="2" name="TestNG.CreateContactWithOrgTest" time="654.655" errors="0" timestamp="2023-11-15T16:27:52 IST" skipped="0">
  <testcase classname="TestNG.CreateContactWithOrgTest" name="CreateNewContactWithOrgTest" time="312.932"/>
  <testcase classname="TestNG.CreateContactWithOrgTest" name="CreateNewContactWithOrgTest" time="341.723"/>
</testsuite> <!-- TestNG.CreateContactWithOrgTest -->
