<?xml version="1.0" encoding="UTF-8"?>
<!-- Generated by org.testng.reporters.JUnitReportReporter -->
<testsuite hostname="Kavitha" failures="0" tests="1" name="TestNG.CreateContactWithBaseClass" time="67.437" errors="0" timestamp="2023-10-30T17:16:06 IST" skipped="0">
  <testcase classname="TestNG.CreateContactWithBaseClass" name="CreateNewContactWithBaseClass" time="67.437"/>
</testsuite> <!-- TestNG.CreateContactWithBaseClass -->
