<?xml version="1.0" encoding="UTF-8"?>
<!-- Generated by org.testng.reporters.JUnitReportReporter -->
<testsuite hostname="Kavitha" failures="0" tests="1" name="TestNG.CreateOrganizationTest" time="72.563" errors="0" timestamp="2023-11-15T17:14:18 IST" skipped="0">
  <testcase classname="TestNG.CreateOrganizationTest" name="CreateNewOrganizationTest" time="72.563"/>
</testsuite> <!-- TestNG.CreateOrganizationTest -->
